[ 2023-07-24 05:19:17,740 ] Line No. 24 root - INFO - Data Ingestion methods Starts
[ 2023-07-24 05:19:18,551 ] Line No. 27 root - INFO - Dataset read as pandas Dataframe
[ 2023-07-24 05:19:19,820 ] Line No. 31 root - INFO - Train test split
[ 2023-07-24 05:19:21,003 ] Line No. 37 root - INFO - Ingestion of Data is completed
[ 2023-07-24 05:19:21,350 ] Line No. 84 root - INFO - Read train and test data completed
[ 2023-07-24 05:19:21,405 ] Line No. 85 root - INFO - Train Dataframe Head : 
   Delivery_person_Age  Delivery_person_Ratings  Restaurant_latitude  Restaurant_longitude  Delivery_location_latitude  Delivery_location_longitude Weather_conditions Road_traffic_density  Vehicle_condition Type_of_order Type_of_vehicle  multiple_deliveries Festival           City  Time_taken (min)  Day  Month  Order_Hour  Order_Min  Pick_Hour  Pick_Min  Pickup_Duration   Distance
0                 21.0                      4.7            26.902328             75.794257                   26.962328                    75.854257             Cloudy               Medium                  1        Buffet      motorcycle                  0.0       No          Urban                15    3      4          17         40         17        55             15.0   8.938198
1                 38.0                      4.8            23.374878             85.335739                   23.454878                    85.415739              Sunny                  Low                  0          Meal      motorcycle                  1.0       No  Metropolitian                28   14      3          23         20         23        25              5.0  12.073402
2                 26.0                      4.7            22.745536             75.893106                   22.875536                    76.023106         Sandstorms                  Jam                  2          Meal         scooter                  1.0       No  Metropolitian                23   10      3          20         45         21         0             15.0  19.659793
3                 30.0                      4.6            12.352058             76.606650                   12.372058                    76.626650                Fog                  Low                  0        Buffet      motorcycle                  1.0       No  Metropolitian                24    3      3           9         10          9        20             10.0   3.108821
4                 36.0                      4.2            18.534080             73.898520                   18.594080                    73.958520             Cloudy               Medium                  0        Buffet      motorcycle                  1.0       No  Metropolitian                33    1      4          18         30         18        45             15.0   9.193014
[ 2023-07-24 05:19:21,421 ] Line No. 86 root - INFO - Test Dataframe Head  : 
   Delivery_person_Age  Delivery_person_Ratings  Restaurant_latitude  Restaurant_longitude  Delivery_location_latitude  Delivery_location_longitude Weather_conditions Road_traffic_density  Vehicle_condition Type_of_order Type_of_vehicle  multiple_deliveries Festival           City  Time_taken (min)  Day  Month  Order_Hour  Order_Min  Pick_Hour  Pick_Min  Pickup_Duration   Distance
0                 36.0                      4.7            22.750040             75.902847                   22.780040                    75.932847                Fog               Medium                  0         Snack      motorcycle                  1.0       No          Urban                28   17      3          17         25         17        35             10.0   4.537571
1                 36.0                      4.9            12.299524             76.642620                   12.359524                    76.702620         Sandstorms                  Jam                  1         Snack         scooter                  1.0       No  Metropolitian                27   15      3          19         55         20        10             15.0   9.327029
2                 36.0                      4.8            19.065838             72.832658                   19.105838                    72.872658                Fog                 High                  0         Snack      motorcycle                  0.0       No  Metropolitian                30   28      3          12         40         12        55             15.0   6.119692
3                 36.0                      4.3            22.310329             73.169083                   22.420329                    73.279083             Cloudy                  Low                  2          Meal         scooter                  1.0       No  Metropolitian                39    6      4          22         60         23         5              5.0  16.659974
4                 31.0                      4.5            19.065838             72.832658                   19.115838                    72.882658             Stormy                  Low                  2        Drinks         scooter                  1.0       No  Metropolitian                29   24      3          23         35         23        40              5.0   7.649506
[ 2023-07-24 05:19:21,422 ] Line No. 88 root - INFO - Obtaining preprocessing object
[ 2023-07-24 05:19:21,422 ] Line No. 26 root - INFO - Data Transformation initiated
[ 2023-07-24 05:19:21,422 ] Line No. 43 root - INFO - Pipeline Initiated
[ 2023-07-24 05:19:21,422 ] Line No. 70 root - INFO - Pipeline Completed
[ 2023-07-24 05:19:21,954 ] Line No. 109 root - INFO - Applying preprocessing object on training and testing datasets.
[ 2023-07-24 05:19:21,961 ] Line No. 121 root - INFO - Preprocessor pickle file saved
[ 2023-07-24 05:19:21,965 ] Line No. 32 root - INFO - Splitting Dependent and Independent variables from train and test data
[ 2023-07-24 05:19:21,969 ] Line No. 32 root - INFO - Training on LinearRegression()
[ 2023-07-24 05:19:22,233 ] Line No. 43 root - INFO - R2_Score: 0.4961989131326664
[ 2023-07-24 05:19:22,235 ] Line No. 32 root - INFO - Training on Lasso()
[ 2023-07-24 05:19:22,381 ] Line No. 43 root - INFO - R2_Score: 0.4288138872625027
[ 2023-07-24 05:19:22,381 ] Line No. 32 root - INFO - Training on Ridge()
[ 2023-07-24 05:19:22,436 ] Line No. 43 root - INFO - R2_Score: 0.49619903879644955
[ 2023-07-24 05:19:22,437 ] Line No. 32 root - INFO - Training on ElasticNet()
[ 2023-07-24 05:19:22,475 ] Line No. 43 root - INFO - R2_Score: 0.41760085517482415
[ 2023-07-24 05:19:22,475 ] Line No. 32 root - INFO - Training on DecisionTreeRegressor(random_state=42)
[ 2023-07-24 05:19:23,003 ] Line No. 43 root - INFO - R2_Score: 0.6641766029102099
[ 2023-07-24 05:19:23,004 ] Line No. 32 root - INFO - Training on SVR(kernel='linear')
[ 2023-07-24 05:20:42,268 ] Line No. 43 root - INFO - R2_Score: 0.489229146586009
[ 2023-07-24 05:20:42,268 ] Line No. 32 root - INFO - Training on SVR()
[ 2023-07-24 05:23:12,799 ] Line No. 43 root - INFO - R2_Score: 0.60407260658745
[ 2023-07-24 05:23:12,799 ] Line No. 32 root - INFO - Training on KNeighborsRegressor(n_neighbors=3)
[ 2023-07-24 05:23:20,663 ] Line No. 43 root - INFO - R2_Score: 0.6082947926591231
[ 2023-07-24 05:23:20,664 ] Line No. 32 root - INFO - Training on RandomForestRegressor(random_state=42)
[ 2023-07-24 05:23:57,926 ] Line No. 43 root - INFO - R2_Score: 0.8125305028550739
[ 2023-07-24 05:23:57,927 ] Line No. 32 root - INFO - Training on AdaBoostRegressor(estimator=DecisionTreeRegressor(random_state=42))
[ 2023-07-24 05:24:11,270 ] Line No. 43 root - INFO - R2_Score: 0.7904254177668444
[ 2023-07-24 05:24:11,271 ] Line No. 32 root - INFO - Training on GradientBoostingRegressor()
[ 2023-07-24 05:24:16,284 ] Line No. 43 root - INFO - R2_Score: 0.7650905503098052
[ 2023-07-24 05:24:16,287 ] Line No. 32 root - INFO - Training on XGBRegressor(base_score=None, booster=None, callbacks=None,
             colsample_bylevel=None, colsample_bynode=None,
             colsample_bytree=None, early_stopping_rounds=None,
             enable_categorical=False, eval_metric=None, feature_types=None,
             gamma=None, gpu_id=None, grow_policy=None, importance_type=None,
             interaction_constraints=None, learning_rate=None, max_bin=None,
             max_cat_threshold=None, max_cat_to_onehot=None,
             max_delta_step=None, max_depth=None, max_leaves=None,
             min_child_weight=None, missing=nan, monotone_constraints=None,
             n_estimators=100, n_jobs=None, num_parallel_tree=None,
             predictor=None, random_state=None, ...)
[ 2023-07-24 05:24:17,726 ] Line No. 43 root - INFO - R2_Score: 0.8244178931410868
[ 2023-07-24 05:24:17,727 ] Line No. 32 root - INFO - Training on BaggingRegressor(estimator=SVR())
[ 2023-07-24 05:39:01,721 ] Line No. 43 root - INFO - R2_Score: 0.6043274395228057
[ 2023-07-24 05:39:04,430 ] Line No. 59 root - INFO - Model Report : 
           Model_Name                                              Model   R2_Score
0    LinearRegression                                 LinearRegression()  49.619891
1               Lasso                                            Lasso()  42.881389
2               Ridge                                            Ridge()  49.619904
3          Elasticnet                                       ElasticNet()  41.760086
4        DecisionTree             DecisionTreeRegressor(random_state=42)  66.417660
5          SVR linear                               SVR(kernel='linear')  48.922915
6             SVR rbf                                              SVR()  60.407261
7                KNNR                 KNeighborsRegressor(n_neighbors=3)  60.829479
8        RandomForest  (DecisionTreeRegressor(max_features=1.0, rando...  81.253050
9            AdaBoost  (DecisionTreeRegressor(random_state=269620120)...  79.042542
10  Gradient Boosting  ([DecisionTreeRegressor(criterion='friedman_ms...  76.509055
11                XGB  XGBRegressor(base_score=None, booster=None, ca...  82.441789
12         BaggingSVR  (SVR(), SVR(), SVR(), SVR(), SVR(), SVR(), SVR...  60.432744
[ 2023-07-24 05:39:04,433 ] Line No. 71 root - INFO - Best Model Found , Model Name : XGB , R2 Score : 82.44178931410869
[ 2023-07-24 05:39:04,576 ] Line No. 78 root - INFO - Saved Best Model file
