[ 2023-07-25 17:13:55,126 ] Line No. 24 root - INFO - Data Ingestion methods Starts
[ 2023-07-25 17:13:55,240 ] Line No. 27 root - INFO - Dataset read as pandas Dataframe
[ 2023-07-25 17:13:55,685 ] Line No. 31 root - INFO - Train test split
[ 2023-07-25 17:13:56,127 ] Line No. 37 root - INFO - Ingestion of Data is completed
[ 2023-07-25 17:13:56,267 ] Line No. 84 root - INFO - Read train and test data completed
[ 2023-07-25 17:13:56,275 ] Line No. 85 root - INFO - Train Dataframe Head : 
   Delivery_person_Age  Delivery_person_Ratings  Restaurant_latitude  Restaurant_longitude  Delivery_location_latitude  Delivery_location_longitude Weather_conditions Road_traffic_density  Vehicle_condition Type_of_order Type_of_vehicle  multiple_deliveries Festival           City  Time_taken (min)  Day  Month  Order_Hour  Order_Min  Pick_Hour  Pick_Min  Pickup_Duration   Distance
0                 21.0                      4.7            26.902328             75.794257                   26.962328                    75.854257             Cloudy               Medium                  1        Buffet      motorcycle                  0.0       No          Urban                15    3      4          17         40         17        55             15.0   8.938198
1                 38.0                      4.8            23.374878             85.335739                   23.454878                    85.415739              Sunny                  Low                  0          Meal      motorcycle                  1.0       No  Metropolitian                28   14      3          23         20         23        25              5.0  12.073402
2                 26.0                      4.7            22.745536             75.893106                   22.875536                    76.023106         Sandstorms                  Jam                  2          Meal         scooter                  1.0       No  Metropolitian                23   10      3          20         45         21         0             15.0  19.659793
3                 30.0                      4.6            12.352058             76.606650                   12.372058                    76.626650                Fog                  Low                  0        Buffet      motorcycle                  1.0       No  Metropolitian                24    3      3           9         10          9        20             10.0   3.108821
4                 36.0                      4.2            18.534080             73.898520                   18.594080                    73.958520             Cloudy               Medium                  0        Buffet      motorcycle                  1.0       No  Metropolitian                33    1      4          18         30         18        45             15.0   9.193014
[ 2023-07-25 17:13:56,286 ] Line No. 86 root - INFO - Test Dataframe Head  : 
   Delivery_person_Age  Delivery_person_Ratings  Restaurant_latitude  Restaurant_longitude  Delivery_location_latitude  Delivery_location_longitude Weather_conditions Road_traffic_density  Vehicle_condition Type_of_order Type_of_vehicle  multiple_deliveries Festival           City  Time_taken (min)  Day  Month  Order_Hour  Order_Min  Pick_Hour  Pick_Min  Pickup_Duration   Distance
0                 36.0                      4.7            22.750040             75.902847                   22.780040                    75.932847                Fog               Medium                  0         Snack      motorcycle                  1.0       No          Urban                28   17      3          17         25         17        35             10.0   4.537571
1                 36.0                      4.9            12.299524             76.642620                   12.359524                    76.702620         Sandstorms                  Jam                  1         Snack         scooter                  1.0       No  Metropolitian                27   15      3          19         55         20        10             15.0   9.327029
2                 36.0                      4.8            19.065838             72.832658                   19.105838                    72.872658                Fog                 High                  0         Snack      motorcycle                  0.0       No  Metropolitian                30   28      3          12         40         12        55             15.0   6.119692
3                 36.0                      4.3            22.310329             73.169083                   22.420329                    73.279083             Cloudy                  Low                  2          Meal         scooter                  1.0       No  Metropolitian                39    6      4          22         60         23         5              5.0  16.659974
4                 31.0                      4.5            19.065838             72.832658                   19.115838                    72.882658             Stormy                  Low                  2        Drinks         scooter                  1.0       No  Metropolitian                29   24      3          23         35         23        40              5.0   7.649506
[ 2023-07-25 17:13:56,286 ] Line No. 88 root - INFO - Obtaining preprocessing object
[ 2023-07-25 17:13:56,286 ] Line No. 26 root - INFO - Data Transformation initiated
[ 2023-07-25 17:13:56,287 ] Line No. 43 root - INFO - Pipeline Initiated
[ 2023-07-25 17:13:56,287 ] Line No. 70 root - INFO - Pipeline Completed
[ 2023-07-25 17:13:56,381 ] Line No. 109 root - INFO - Applying preprocessing object on training and testing datasets.
[ 2023-07-25 17:13:56,384 ] Line No. 121 root - INFO - Preprocessor pickle file saved
[ 2023-07-25 17:13:56,386 ] Line No. 35 root - INFO - Splitting Dependent and Independent variables from train and test data
[ 2023-07-25 17:13:56,387 ] Line No. 65 root - INFO - Enhancing XGBRegressor(base_score=None, booster=None, callbacks=None,
             colsample_bylevel=None, colsample_bynode=None,
             colsample_bytree=None, early_stopping_rounds=None,
             enable_categorical=False, eval_metric=None, feature_types=None,
             gamma=None, gpu_id=None, grow_policy=None, importance_type=None,
             interaction_constraints=None, learning_rate=None, max_bin=None,
             max_cat_threshold=None, max_cat_to_onehot=None,
             max_delta_step=None, max_depth=None, max_leaves=None,
             min_child_weight=None, missing=nan, monotone_constraints=None,
             n_estimators=100, n_jobs=None, num_parallel_tree=None,
             predictor=None, random_state=None, ...)
[ 2023-07-25 17:16:26,832 ] Line No. 70 root - INFO - Best Estimator: XGBRegressor(base_score=None, booster=None, callbacks=None,
             colsample_bylevel=None, colsample_bynode=None,
             colsample_bytree=None, early_stopping_rounds=None,
             enable_categorical=False, eta=0.01, eval_metric=None,
             feature_types=None, gamma=1, gpu_id=None, grow_policy=None,
             importance_type=None, interaction_constraints=None,
             learning_rate=None, max_bin=None, max_cat_threshold=None,
             max_cat_to_onehot=None, max_delta_step=None, max_depth=7,
             max_leaves=None, min_child_weight=2, missing=nan,
             monotone_constraints=None, n_estimators=100, n_jobs=None,
             num_parallel_tree=None, predictor=None, ...)
[ 2023-07-25 17:16:26,832 ] Line No. 71 root - INFO - Best Param: {'eta': 0.01, 'gamma': 1, 'max_depth': 7, 'min_child_weight': 2}
[ 2023-07-25 17:16:28,397 ] Line No. 84 root - INFO - R2_Score: -0.4094220943810327
[ 2023-07-25 17:16:28,426 ] Line No. 54 root - INFO - Model Report : 
  Model_Name                                              Model   R2_Score
0        XGB  XGBRegressor(base_score=None, booster=None, ca... -40.942209
[ 2023-07-25 17:16:28,427 ] Line No. 66 root - INFO - Best Model Found , Model Name : XGB , R2 Score : -40.94220943810327
[ 2023-07-25 17:16:28,433 ] Line No. 73 root - INFO - Saved Best Model file
